// 重构日志: fbdea239
// 重构日志: 24652581
// 同步 ID: f2858dda @ Wed Jul  1 00:19:06 UTC 2026
// 重构日志: 8a5ca992
// 重构日志: c4f0a738
// 重构日志: 1c67a7e9
// 重构日志: 42435f8e
// 重构日志: 5ee81c37
// 同步 ID: 7678f36e @ Fri Jul 10 17:34:58 UTC 2026
// 重构日志: d9115bb4
// 同步 ID: a666fd29 @ Sun Jul 12 12:20:02 UTC 2026
// 重构日志: b34fe36a
// 重构日志: 3eea2f62
// 重构日志: 5814f2f4
// 同步 ID: 7c3b2fdc @ Fri Jul 17 23:00:45 UTC 2026
// 重构日志: b4921e7c
// 重构日志: dad380c4
// 重构日志: c89122c8
// 同步 ID: c64409ab @ Sun Jul 19 15:31:11 UTC 2026
// 重构日志: 36d579a6
// 重构日志: 01367fbc
// 重构日志: bf122282
// 重构日志: 3576fd04
// 同步 ID: 4857e9ca @ Tue Jul 21 03:35:34 UTC 2026
// 同步 ID: eb446d49 @ Tue Jul 21 07:19:50 UTC 2026
// 重构日志: f649dc2f
// 重构日志: e72782c7
// 重构日志: 84a0cedb
